<?xml version="1.0" encoding="UTF-8"?>
<testng-results ignored="0" total="1" passed="1" failed="0" skipped="0">
  <reporter-output>
  </reporter-output>
  <suite started-at="2024-02-05T07:10:47 GMT" name="Default suite" finished-at="2024-02-05T07:11:04 GMT" duration-ms="17718">
    <groups>
    </groups>
    <test started-at="2024-02-05T07:10:47 GMT" name="Default test" finished-at="2024-02-05T07:11:04 GMT" duration-ms="17718">
      <class name="firstTestngDemoTest.FirstDemoScript">
        <test-method signature="login()[pri:0, instance:firstTestngDemoTest.FirstDemoScript@140c9f39]" started-at="2024-02-05T07:10:47 GMT" name="login" finished-at="2024-02-05T07:11:04 GMT" duration-ms="17674" status="PASS">
          <reporter-output>
          </reporter-output>
        </test-method> <!-- login -->
      </class> <!-- firstTestngDemoTest.FirstDemoScript -->
    </test> <!-- Default test -->
  </suite> <!-- Default suite -->
</testng-results>
